2024-05-17T04:19:51.772Z: ValidationError: userName: Path `userName` is required., fullName: Path `fullName` is required., email: Path `email` is required., password: Path `password` is required.
2024-05-17T05:08:22.744Z: ValidationError: userName: Path `userName` is required., fullName: Path `fullName` is required., email: Path `email` is required., password: Path `password` is required.
2024-05-17T05:09:22.889Z: ValidationError: userName: Path `userName` is required., fullName: Path `fullName` is required., email: Path `email` is required., password: Path `password` is required.
2024-05-17T05:10:18.548Z: Error: data must be a string or Buffer and salt must either be a salt string or a number of rounds
2024-05-17T05:12:18.673Z: Error: data must be a string or Buffer and salt must either be a salt string or a number of rounds
2024-05-17T05:16:08.627Z: TypeError: ApiError is not a constructor
2024-05-17T05:16:50.202Z: TypeError: ApiError is not a constructor
2024-05-17T05:17:06.227Z: Error: User with email or username already exists
2024-05-17T05:18:39.771Z: Error: User with email or username already exists
2024-05-17T05:22:13.940Z: Error: User with email or username already exists
2024-05-17T05:23:20.970Z: Error: User with email or username already exists
2024-05-17T05:38:16.556Z: Error: User with email or username already exists
2024-05-17T06:02:13.853Z: MongoServerError: E11000 duplicate key error collection: test.users index: username_1 dup key: { username: null }
2024-05-17T06:05:46.140Z: Error: User with email or username already exists
2024-05-17T06:08:05.698Z: Error: User with email or username already exists
2024-05-17T06:08:50.236Z: Error: User with email or username already exists
2024-05-17T06:08:53.087Z: Error: User with email or username already exists
2024-05-17T06:44:41.381Z: Error: User with email or username already exists
2024-05-17T06:58:33.123Z: Error: User with email or username already exists
2024-05-17T07:01:37.695Z: Error: User with email or username already exists
2024-05-17T07:01:49.891Z: Error: User with email or username already exists
2024-05-17T07:02:20.691Z: Error: User with email or username already exists
2024-05-18T10:26:20.752Z: Error: User with email or username already exists
2024-05-18T10:56:16.267Z: Error: Invalid user credentials
2024-05-18T10:58:08.997Z: Error: Invalid user credentials
2024-05-18T11:03:23.449Z: Error: Unauthorized request
2024-05-18T11:09:11.125Z: Error: Unauthorized request
2024-05-18T11:10:05.955Z: Error: Unauthorized request
2024-05-18T11:12:50.706Z: JsonWebTokenError: invalid token
2024-05-18T11:13:17.787Z: JsonWebTokenError: invalid token
2024-05-18T11:14:25.178Z: JsonWebTokenError: invalid token
2024-05-18T11:16:52.194Z: JsonWebTokenError: invalid token
2024-05-18T11:17:45.121Z: JsonWebTokenError: invalid token
2024-05-18T11:20:06.951Z: JsonWebTokenError: invalid token
2024-05-18T11:22:37.196Z: JsonWebTokenError: invalid token
2024-05-18T11:22:38.204Z: JsonWebTokenError: invalid token
2024-05-18T11:22:53.643Z: TypeError: Assignment to constant variable.
2024-05-18T11:23:37.960Z: JsonWebTokenError: invalid token
2024-05-18T11:24:51.599Z: JsonWebTokenError: invalid token
2024-05-18T11:26:05.624Z: JsonWebTokenError: invalid token
2024-05-18T11:29:59.003Z: JsonWebTokenError: invalid token
2024-05-18T11:34:39.656Z: JsonWebTokenError: invalid token
2024-05-18T11:36:36.252Z: JsonWebTokenError: invalid token
2024-05-18T11:37:05.970Z: JsonWebTokenError: invalid token
2024-05-18T11:38:16.674Z: JsonWebTokenError: invalid token
2024-05-18T11:40:22.681Z: JsonWebTokenError: invalid token
2024-05-18T11:54:38.958Z: ValidationError: taskNumber: Cannot create property 'lastIndex' on string '^[A-Z][0-9]+$'
2024-05-18T11:56:34.977Z: ValidationError: taskNumber: Cannot create property 'lastIndex' on string '^[A-Z][0-9]+$'
2024-05-18T12:00:35.823Z: ValidationError: taskNumber: Cannot create property 'lastIndex' on string '^[A-Z][0-9]+$'
2024-05-18T12:02:31.195Z: ValidationError: taskNumber: Cannot create property 'lastIndex' on string '^[A-Z][0-9]+$'
2024-05-18T12:02:55.513Z: ValidationError: taskNumber: Cannot create property 'lastIndex' on string '^[A-Z][0-9]+$'
2024-05-18T12:04:49.791Z: ValidationError: taskNumber: Cannot create property 'lastIndex' on string '^[A-Z][0-9]+$'
2024-05-18T12:07:45.849Z: ValidationError: taskNumber: Cannot create property 'lastIndex' on string '^[A-Z][0-9]+$'
2024-05-18T12:07:50.952Z: ValidationError: taskNumber: Cannot create property 'lastIndex' on string '^[A-Z][0-9]+$'
2024-05-18T12:18:10.300Z: MongoServerError: E11000 duplicate key error collection: TaskRecords.records index: taskNumber_1 dup key: { taskNumber: "k5" }
2024-05-18T12:25:35.930Z: MissingSchemaError: Schema hasn't been registered for model "records".
Use mongoose.model(name, schema)
2024-05-18T12:32:14.785Z: ValidationError: taskNumber: Path `taskNumber` is invalid (b5).
2024-05-18T12:32:32.960Z: ValidationError: taskNumber: Path `taskNumber` is invalid (f5).
2024-05-18T12:34:06.936Z: ValidationError: taskNumber: Path `taskNumber` is invalid (5).
2024-05-19T05:41:21.534Z: Error: User not found
2024-05-19T05:41:22.723Z: Error: User not found
2024-05-19T05:43:40.863Z: Error: User not found
2024-05-19T05:44:12.977Z: Error: User not found
2024-05-19T05:44:39.579Z: Error: User not found
2024-05-19T05:45:44.087Z: Error: User not found
2024-05-19T05:46:23.914Z: Error: User not found
2024-05-19T05:47:43.926Z: Error: User not found
2024-05-19T05:49:43.003Z: Error: User not found
2024-05-19T05:50:52.539Z: Error: User not found
2024-05-19T05:51:28.641Z: Error: User not found
2024-05-19T05:51:51.714Z: Error: User not found
2024-05-19T05:52:34.298Z: Error: User not found
2024-05-19T05:52:35.737Z: Error: User not found
2024-05-19T05:52:36.320Z: Error: User not found
2024-05-19T05:52:36.493Z: Error: User not found
2024-05-19T05:52:36.819Z: Error: User not found
2024-05-19T05:52:36.979Z: Error: User not found
2024-05-19T05:52:37.183Z: Error: User not found
2024-05-19T05:52:37.369Z: Error: User not found
2024-05-19T05:52:37.522Z: Error: User not found
2024-05-19T05:53:03.152Z: Error: User not found
2024-05-19T05:53:23.119Z: Error: User not found
2024-05-19T05:53:25.233Z: Error: User not found
2024-05-19T05:53:47.788Z: Error: User not found
2024-05-19T05:55:21.279Z: Error: User not found
2024-05-19T05:55:23.085Z: Error: User not found
2024-05-19T05:55:25.453Z: Error: User not found
2024-05-19T06:10:04.827Z: Error: User not found
2024-05-19T06:10:08.842Z: Error: User not found
2024-05-19T06:10:28.045Z: Error: Invalid user credentials
2024-05-19T06:53:21.341Z: MongoServerError: E11000 duplicate key error collection: TaskRecords.users index: userName_1 dup key: { userName: "sahil1" }
2024-05-19T06:53:32.675Z: Error: User with email or username already exists
2024-05-19T14:16:56.338Z: Error: userName or email required
2024-05-19T15:31:34.514Z: Error: Unauthorized request
2024-05-19T15:32:55.419Z: Error: Unauthorized request
2024-05-19T15:42:32.955Z: Error: Unauthorized request
2024-05-19T15:45:13.664Z: Error: Unauthorized request
2024-05-19T15:52:16.664Z: Error: Unauthorized request
2024-05-19T15:59:01.411Z: Error: Unauthorized request
